# mqtt_soak: 10000 iterations, interval=0s
# started 2026-05-02T15:35:11Z
iter=50 elapsed=2s ok=50 fail=0 mosq_mem=2.316MiB
iter=100 elapsed=5s ok=100 fail=0 mosq_mem=2.309MiB
iter=150 elapsed=8s ok=150 fail=0 mosq_mem=2.309MiB
iter=200 elapsed=10s ok=200 fail=0 mosq_mem=2.309MiB
iter=250 elapsed=13s ok=250 fail=0 mosq_mem=2.309MiB
iter=300 elapsed=16s ok=300 fail=0 mosq_mem=2.312MiB
iter=350 elapsed=19s ok=350 fail=0 mosq_mem=2.309MiB
iter=400 elapsed=22s ok=400 fail=0 mosq_mem=2.312MiB
iter=450 elapsed=25s ok=450 fail=0 mosq_mem=2.309MiB
iter=500 elapsed=28s ok=500 fail=0 mosq_mem=2.309MiB
iter=550 elapsed=31s ok=550 fail=0 mosq_mem=2.309MiB
iter=600 elapsed=34s ok=600 fail=0 mosq_mem=2.312MiB
iter=650 elapsed=37s ok=650 fail=0 mosq_mem=2.309MiB
iter=700 elapsed=39s ok=700 fail=0 mosq_mem=2.312MiB
iter=750 elapsed=42s ok=750 fail=0 mosq_mem=2.316MiB
iter=800 elapsed=45s ok=800 fail=0 mosq_mem=2.309MiB
iter=850 elapsed=48s ok=850 fail=0 mosq_mem=2.309MiB
iter=900 elapsed=51s ok=900 fail=0 mosq_mem=2.309MiB
iter=950 elapsed=54s ok=950 fail=0 mosq_mem=2.309MiB
iter=1000 elapsed=57s ok=1000 fail=0 mosq_mem=2.309MiB
iter=1050 elapsed=60s ok=1050 fail=0 mosq_mem=2.312MiB
iter=1100 elapsed=63s ok=1100 fail=0 mosq_mem=2.309MiB
iter=1150 elapsed=65s ok=1150 fail=0 mosq_mem=2.309MiB
iter=1200 elapsed=68s ok=1200 fail=0 mosq_mem=2.309MiB
iter=1250 elapsed=71s ok=1250 fail=0 mosq_mem=2.312MiB
iter=1300 elapsed=74s ok=1300 fail=0 mosq_mem=2.309MiB
iter=1350 elapsed=77s ok=1350 fail=0 mosq_mem=2.312MiB
iter=1400 elapsed=80s ok=1400 fail=0 mosq_mem=2.309MiB
iter=1450 elapsed=83s ok=1450 fail=0 mosq_mem=2.309MiB
iter=1500 elapsed=86s ok=1500 fail=0 mosq_mem=2.316MiB
iter=1550 elapsed=89s ok=1550 fail=0 mosq_mem=2.309MiB
iter=1600 elapsed=91s ok=1600 fail=0 mosq_mem=2.309MiB
iter=1650 elapsed=94s ok=1650 fail=0 mosq_mem=2.312MiB
iter=1700 elapsed=97s ok=1700 fail=0 mosq_mem=2.309MiB
iter=1750 elapsed=100s ok=1750 fail=0 mosq_mem=2.309MiB
iter=1800 elapsed=103s ok=1800 fail=0 mosq_mem=2.312MiB
iter=1850 elapsed=106s ok=1850 fail=0 mosq_mem=2.309MiB
iter=1900 elapsed=109s ok=1900 fail=0 mosq_mem=2.309MiB
iter=1950 elapsed=112s ok=1950 fail=0 mosq_mem=2.309MiB
iter=2000 elapsed=115s ok=2000 fail=0 mosq_mem=2.309MiB
iter=2050 elapsed=118s ok=2050 fail=0 mosq_mem=2.309MiB
iter=2100 elapsed=120s ok=2100 fail=0 mosq_mem=2.309MiB
iter=2150 elapsed=123s ok=2150 fail=0 mosq_mem=2.309MiB
iter=2200 elapsed=126s ok=2200 fail=0 mosq_mem=2.309MiB
iter=2250 elapsed=129s ok=2250 fail=0 mosq_mem=2.309MiB
iter=2300 elapsed=132s ok=2300 fail=0 mosq_mem=2.312MiB
iter=2350 elapsed=135s ok=2350 fail=0 mosq_mem=2.312MiB
iter=2400 elapsed=138s ok=2400 fail=0 mosq_mem=2.309MiB
iter=2450 elapsed=141s ok=2450 fail=0 mosq_mem=2.309MiB
iter=2500 elapsed=144s ok=2500 fail=0 mosq_mem=2.309MiB
iter=2550 elapsed=146s ok=2550 fail=0 mosq_mem=2.309MiB
iter=2600 elapsed=149s ok=2600 fail=0 mosq_mem=2.309MiB
iter=2650 elapsed=152s ok=2650 fail=0 mosq_mem=2.309MiB
iter=2700 elapsed=155s ok=2700 fail=0 mosq_mem=2.309MiB
iter=2750 elapsed=158s ok=2750 fail=0 mosq_mem=2.312MiB
iter=2800 elapsed=161s ok=2800 fail=0 mosq_mem=2.309MiB
iter=2850 elapsed=164s ok=2850 fail=0 mosq_mem=2.309MiB
iter=2900 elapsed=167s ok=2900 fail=0 mosq_mem=2.312MiB
iter=2950 elapsed=170s ok=2950 fail=0 mosq_mem=2.309MiB
iter=3000 elapsed=172s ok=3000 fail=0 mosq_mem=2.312MiB
iter=3050 elapsed=175s ok=3050 fail=0 mosq_mem=2.312MiB
iter=3100 elapsed=178s ok=3100 fail=0 mosq_mem=2.316MiB
iter=3150 elapsed=181s ok=3150 fail=0 mosq_mem=2.312MiB
iter=3200 elapsed=184s ok=3200 fail=0 mosq_mem=2.309MiB
iter=3250 elapsed=187s ok=3250 fail=0 mosq_mem=2.309MiB
iter=3300 elapsed=190s ok=3300 fail=0 mosq_mem=2.309MiB
iter=3350 elapsed=193s ok=3350 fail=0 mosq_mem=2.309MiB
iter=3400 elapsed=196s ok=3400 fail=0 mosq_mem=2.309MiB
iter=3450 elapsed=198s ok=3450 fail=0 mosq_mem=2.309MiB
iter=3500 elapsed=201s ok=3500 fail=0 mosq_mem=2.309MiB
iter=3550 elapsed=204s ok=3550 fail=0 mosq_mem=2.309MiB
iter=3600 elapsed=207s ok=3600 fail=0 mosq_mem=2.309MiB
iter=3650 elapsed=210s ok=3650 fail=0 mosq_mem=2.309MiB
iter=3700 elapsed=213s ok=3700 fail=0 mosq_mem=2.309MiB
iter=3750 elapsed=216s ok=3750 fail=0 mosq_mem=2.309MiB
iter=3800 elapsed=219s ok=3800 fail=0 mosq_mem=2.309MiB
iter=3850 elapsed=221s ok=3850 fail=0 mosq_mem=2.309MiB
iter=3900 elapsed=224s ok=3900 fail=0 mosq_mem=2.309MiB
iter=3950 elapsed=227s ok=3950 fail=0 mosq_mem=2.312MiB
iter=4000 elapsed=230s ok=4000 fail=0 mosq_mem=2.309MiB
iter=4050 elapsed=233s ok=4050 fail=0 mosq_mem=2.312MiB
iter=4100 elapsed=236s ok=4100 fail=0 mosq_mem=2.309MiB
iter=4150 elapsed=239s ok=4150 fail=0 mosq_mem=2.312MiB
iter=4200 elapsed=242s ok=4200 fail=0 mosq_mem=2.309MiB
iter=4250 elapsed=244s ok=4250 fail=0 mosq_mem=2.312MiB
iter=4300 elapsed=247s ok=4300 fail=0 mosq_mem=2.309MiB
iter=4350 elapsed=250s ok=4350 fail=0 mosq_mem=2.309MiB
iter=4400 elapsed=253s ok=4400 fail=0 mosq_mem=2.309MiB
iter=4450 elapsed=256s ok=4450 fail=0 mosq_mem=2.312MiB
iter=4500 elapsed=259s ok=4500 fail=0 mosq_mem=2.309MiB
iter=4550 elapsed=262s ok=4550 fail=0 mosq_mem=2.309MiB
iter=4600 elapsed=265s ok=4600 fail=0 mosq_mem=2.309MiB
iter=4650 elapsed=268s ok=4650 fail=0 mosq_mem=2.309MiB
iter=4700 elapsed=270s ok=4700 fail=0 mosq_mem=2.309MiB
iter=4750 elapsed=273s ok=4750 fail=0 mosq_mem=2.309MiB
iter=4800 elapsed=276s ok=4800 fail=0 mosq_mem=2.309MiB
iter=4850 elapsed=279s ok=4850 fail=0 mosq_mem=2.309MiB
iter=4900 elapsed=282s ok=4900 fail=0 mosq_mem=2.309MiB
iter=4950 elapsed=285s ok=4950 fail=0 mosq_mem=2.309MiB
iter=5000 elapsed=288s ok=5000 fail=0 mosq_mem=2.309MiB
iter=5050 elapsed=291s ok=5050 fail=0 mosq_mem=2.309MiB
iter=5100 elapsed=293s ok=5100 fail=0 mosq_mem=2.309MiB
iter=5150 elapsed=296s ok=5150 fail=0 mosq_mem=2.309MiB
iter=5200 elapsed=299s ok=5200 fail=0 mosq_mem=2.309MiB
iter=5250 elapsed=302s ok=5250 fail=0 mosq_mem=2.309MiB
iter=5300 elapsed=305s ok=5300 fail=0 mosq_mem=2.309MiB
iter=5350 elapsed=308s ok=5350 fail=0 mosq_mem=2.309MiB
iter=5400 elapsed=311s ok=5400 fail=0 mosq_mem=2.309MiB
iter=5450 elapsed=314s ok=5450 fail=0 mosq_mem=2.309MiB
iter=5500 elapsed=316s ok=5500 fail=0 mosq_mem=2.316MiB
iter=5550 elapsed=319s ok=5550 fail=0 mosq_mem=2.312MiB
iter=5600 elapsed=322s ok=5600 fail=0 mosq_mem=2.312MiB
iter=5650 elapsed=325s ok=5650 fail=0 mosq_mem=2.309MiB
iter=5700 elapsed=328s ok=5700 fail=0 mosq_mem=2.309MiB
iter=5750 elapsed=331s ok=5750 fail=0 mosq_mem=2.309MiB
iter=5800 elapsed=334s ok=5800 fail=0 mosq_mem=2.316MiB
iter=5850 elapsed=337s ok=5850 fail=0 mosq_mem=2.309MiB
iter=5900 elapsed=340s ok=5900 fail=0 mosq_mem=2.309MiB
iter=5950 elapsed=342s ok=5950 fail=0 mosq_mem=2.309MiB
iter=6000 elapsed=345s ok=6000 fail=0 mosq_mem=2.309MiB
iter=6050 elapsed=348s ok=6050 fail=0 mosq_mem=2.312MiB
iter=6100 elapsed=351s ok=6100 fail=0 mosq_mem=2.309MiB
iter=6150 elapsed=354s ok=6150 fail=0 mosq_mem=2.309MiB
iter=6200 elapsed=357s ok=6200 fail=0 mosq_mem=2.312MiB
iter=6250 elapsed=360s ok=6250 fail=0 mosq_mem=2.312MiB
iter=6300 elapsed=363s ok=6300 fail=0 mosq_mem=2.312MiB
iter=6350 elapsed=365s ok=6350 fail=0 mosq_mem=2.312MiB
iter=6400 elapsed=368s ok=6400 fail=0 mosq_mem=2.312MiB
iter=6450 elapsed=371s ok=6450 fail=0 mosq_mem=2.312MiB
iter=6500 elapsed=374s ok=6500 fail=0 mosq_mem=2.309MiB
iter=6550 elapsed=377s ok=6550 fail=0 mosq_mem=2.309MiB
iter=6600 elapsed=380s ok=6600 fail=0 mosq_mem=2.312MiB
iter=6650 elapsed=383s ok=6650 fail=0 mosq_mem=2.316MiB
iter=6700 elapsed=386s ok=6700 fail=0 mosq_mem=2.309MiB
iter=6750 elapsed=389s ok=6750 fail=0 mosq_mem=2.309MiB
iter=6800 elapsed=391s ok=6800 fail=0 mosq_mem=2.309MiB
iter=6850 elapsed=394s ok=6850 fail=0 mosq_mem=2.312MiB
iter=6900 elapsed=397s ok=6900 fail=0 mosq_mem=2.312MiB
iter=6950 elapsed=400s ok=6950 fail=0 mosq_mem=2.309MiB
iter=7000 elapsed=403s ok=7000 fail=0 mosq_mem=2.309MiB
iter=7050 elapsed=406s ok=7050 fail=0 mosq_mem=2.309MiB
iter=7100 elapsed=409s ok=7100 fail=0 mosq_mem=2.312MiB
iter=7150 elapsed=412s ok=7150 fail=0 mosq_mem=2.309MiB
iter=7200 elapsed=414s ok=7200 fail=0 mosq_mem=2.309MiB
iter=7250 elapsed=417s ok=7250 fail=0 mosq_mem=2.312MiB
iter=7300 elapsed=420s ok=7300 fail=0 mosq_mem=2.309MiB
iter=7350 elapsed=423s ok=7350 fail=0 mosq_mem=2.309MiB
iter=7400 elapsed=426s ok=7400 fail=0 mosq_mem=2.309MiB
iter=7450 elapsed=429s ok=7450 fail=0 mosq_mem=2.309MiB
iter=7500 elapsed=432s ok=7500 fail=0 mosq_mem=2.309MiB
iter=7550 elapsed=435s ok=7550 fail=0 mosq_mem=2.309MiB
iter=7600 elapsed=437s ok=7600 fail=0 mosq_mem=2.309MiB
iter=7650 elapsed=440s ok=7650 fail=0 mosq_mem=2.309MiB
iter=7700 elapsed=443s ok=7700 fail=0 mosq_mem=2.309MiB
iter=7750 elapsed=446s ok=7750 fail=0 mosq_mem=2.312MiB
iter=7800 elapsed=449s ok=7800 fail=0 mosq_mem=2.309MiB
iter=7850 elapsed=452s ok=7850 fail=0 mosq_mem=2.309MiB
iter=7900 elapsed=455s ok=7900 fail=0 mosq_mem=2.309MiB
iter=7950 elapsed=458s ok=7950 fail=0 mosq_mem=2.312MiB
iter=8000 elapsed=460s ok=8000 fail=0 mosq_mem=2.309MiB
iter=8050 elapsed=463s ok=8050 fail=0 mosq_mem=2.309MiB
iter=8100 elapsed=466s ok=8100 fail=0 mosq_mem=2.312MiB
iter=8150 elapsed=469s ok=8150 fail=0 mosq_mem=2.309MiB
iter=8200 elapsed=472s ok=8200 fail=0 mosq_mem=2.309MiB
iter=8250 elapsed=475s ok=8250 fail=0 mosq_mem=2.312MiB
iter=8300 elapsed=478s ok=8300 fail=0 mosq_mem=2.309MiB
iter=8350 elapsed=481s ok=8350 fail=0 mosq_mem=2.312MiB
iter=8400 elapsed=483s ok=8400 fail=0 mosq_mem=2.312MiB
iter=8450 elapsed=486s ok=8450 fail=0 mosq_mem=2.309MiB
iter=8500 elapsed=489s ok=8500 fail=0 mosq_mem=2.312MiB
iter=8550 elapsed=492s ok=8550 fail=0 mosq_mem=2.309MiB
iter=8600 elapsed=495s ok=8600 fail=0 mosq_mem=2.309MiB
iter=8650 elapsed=498s ok=8650 fail=0 mosq_mem=2.309MiB
iter=8700 elapsed=501s ok=8700 fail=0 mosq_mem=2.312MiB
iter=8750 elapsed=504s ok=8750 fail=0 mosq_mem=2.309MiB
iter=8800 elapsed=507s ok=8800 fail=0 mosq_mem=2.309MiB
iter=8850 elapsed=509s ok=8850 fail=0 mosq_mem=2.309MiB
iter=8900 elapsed=512s ok=8900 fail=0 mosq_mem=2.312MiB
iter=8950 elapsed=515s ok=8950 fail=0 mosq_mem=2.312MiB
iter=9000 elapsed=518s ok=9000 fail=0 mosq_mem=2.309MiB
iter=9050 elapsed=521s ok=9050 fail=0 mosq_mem=2.309MiB
iter=9100 elapsed=524s ok=9100 fail=0 mosq_mem=2.309MiB
iter=9150 elapsed=527s ok=9150 fail=0 mosq_mem=2.309MiB
iter=9200 elapsed=530s ok=9200 fail=0 mosq_mem=2.312MiB
iter=9250 elapsed=532s ok=9250 fail=0 mosq_mem=2.309MiB
iter=9300 elapsed=535s ok=9300 fail=0 mosq_mem=2.309MiB
iter=9350 elapsed=538s ok=9350 fail=0 mosq_mem=2.309MiB
iter=9400 elapsed=541s ok=9400 fail=0 mosq_mem=2.312MiB
iter=9450 elapsed=544s ok=9450 fail=0 mosq_mem=2.312MiB
iter=9500 elapsed=547s ok=9500 fail=0 mosq_mem=2.316MiB
iter=9550 elapsed=550s ok=9550 fail=0 mosq_mem=2.309MiB
iter=9600 elapsed=553s ok=9600 fail=0 mosq_mem=2.309MiB
iter=9650 elapsed=555s ok=9650 fail=0 mosq_mem=2.309MiB
iter=9700 elapsed=558s ok=9700 fail=0 mosq_mem=2.312MiB
iter=9750 elapsed=561s ok=9750 fail=0 mosq_mem=2.309MiB
iter=9800 elapsed=564s ok=9800 fail=0 mosq_mem=2.309MiB
iter=9850 elapsed=567s ok=9850 fail=0 mosq_mem=2.309MiB
iter=9900 elapsed=570s ok=9900 fail=0 mosq_mem=2.312MiB
iter=9950 elapsed=573s ok=9950 fail=0 mosq_mem=2.309MiB
iter=10000 elapsed=576s ok=10000 fail=0 mosq_mem=2.309MiB
=== final ===
elapsed=577s ok=10000 fail=0
